<?xml version="1.0" encoding="UTF-8"?>
<!-- Generated by org.testng.reporters.JUnitReportReporter -->
<testsuite hostname="ETVD120322" name="TestNGPractice.Demo3" tests="2" failures="0" timestamp="28 Jun 2019 08:52:14 GMT" time="0.003" errors="0">
  <testcase name="apiPLogin" time="0.002" classname="TestNGPractice.Demo3"/>
  <testcase name="webPLogin" time="0.001" classname="TestNGPractice.Demo3"/>
</testsuite> <!-- TestNGPractice.Demo3 -->
