<?xml version="1.0" encoding="UTF-8"?>
<!-- Generated by org.testng.reporters.JUnitReportReporter -->
<testsuite hostname="ETVD120322" name="TestNGPractice.Demo2" tests="1" failures="0" timestamp="28 Jun 2019 08:52:14 GMT" time="0.002" errors="0">
  <testcase name="qa" time="0.002" classname="TestNGPractice.Demo2"/>
</testsuite> <!-- TestNGPractice.Demo2 -->
