<?xml version="1.0" encoding="UTF-8"?>
<!-- Generated by org.testng.reporters.JUnitReportReporter -->
<testsuite hostname="ETVD120322" name="TestNGPractice.Demo4" tests="6" failures="0" timestamp="28 Jun 2019 08:52:14 GMT" time="0.009" errors="0">
  <testcase name="apiHLogin" time="0.002" classname="TestNGPractice.Demo4"/>
  <testcase name="mobileHLogin" time="0.001" classname="TestNGPractice.Demo4"/>
  <testcase name="apiHLogin" time="0.002" classname="TestNGPractice.Demo4"/>
  <testcase name="webHLogin" time="0.001" classname="TestNGPractice.Demo4"/>
  <testcase name="mobileHLogin" time="0.001" classname="TestNGPractice.Demo4"/>
  <testcase name="webHLogin" time="0.002" classname="TestNGPractice.Demo4"/>
</testsuite> <!-- TestNGPractice.Demo4 -->
