<?xml version="1.0" encoding="UTF-8"?>
<!-- Generated by org.testng.reporters.JUnitReportReporter -->
<testsuite hostname="ETVD120322" name="TestNGPractice.Demo" tests="1" failures="0" timestamp="28 Jun 2019 08:52:14 GMT" time="0.008" errors="0">
  <testcase name="skr" time="0.008" classname="TestNGPractice.Demo"/>
</testsuite> <!-- TestNGPractice.Demo -->
